[2025-07-27 21:41:04] WARNING [django.request:248] Not Found: /favicon.ico
[2025-07-27 21:41:04] WARNING [django.server:213] "GET /favicon.ico HTTP/1.1" 404 3243
[2025-07-27 22:18:41] WARNING [django.server:213] "GET /static/images/photography.png HTTP/1.1" 404 1880
[2025-07-27 22:18:53] WARNING [django.server:213] "GET /static/images/photography.png HTTP/1.1" 404 1880
[2025-07-27 22:19:13] WARNING [django.server:213] "GET /static/images/photography.png HTTP/1.1" 404 1880
[2025-07-27 22:19:22] WARNING [django.server:213] "GET /static/images/photography.png HTTP/1.1" 404 1880
[2025-07-27 22:24:58] WARNING [django.server:213] "GET /static/images/photography.png HTTP/1.1" 404 1880
[2025-07-27 22:25:09] WARNING [django.server:213] "GET /static/images/protfolio.png HTTP/1.1" 404 1874
[2025-07-27 22:25:09] WARNING [django.server:213] "GET /static/images/sqa-college.png HTTP/1.1" 404 1880
[2025-07-27 22:25:09] WARNING [django.server:213] "GET /static/images/nalanda.png HTTP/1.1" 404 1868
[2025-07-27 22:25:09] WARNING [django.server:213] "GET /static/images/xdoto-logo.png HTTP/1.1" 404 1877
[2025-07-27 22:25:09] WARNING [django.server:213] "GET /static/images/bcu-college.png HTTP/1.1" 404 1880
[2025-07-27 22:25:09] WARNING [django.server:213] "GET /static/images/weightlifting.png HTTP/1.1" 404 1886
[2025-07-27 22:25:09] WARNING [django.server:213] "GET /static/images/hiking.png HTTP/1.1" 404 1865
[2025-07-27 22:25:10] WARNING [django.server:213] "GET /static/assets/css/portfolio/bg.jpg HTTP/1.1" 404 1895
[2025-07-27 22:25:19] WARNING [django.server:213] "GET /static/images/nalanda.png HTTP/1.1" 404 1868
[2025-07-27 22:25:19] WARNING [django.server:213] "GET /static/images/freelance.jpg HTTP/1.1" 404 1874
[2025-07-27 22:25:19] WARNING [django.server:213] "GET /static/images/nalanda-cs.png HTTP/1.1" 404 1877
[2025-07-27 22:25:19] WARNING [django.server:213] "GET /static/images/sqa-logo.png HTTP/1.1" 404 1871
[2025-07-27 22:25:19] WARNING [django.server:213] "GET /static/images/bcu-logo.png HTTP/1.1" 404 1871
[2025-07-27 22:25:19] WARNING [django.server:213] "GET /static/images/xdoto-logo.png HTTP/1.1" 404 1877
[2025-07-27 22:25:19] WARNING [django.server:213] "GET /static/assets/css/portfolio/bg.jpg HTTP/1.1" 404 1895
[2025-07-27 22:25:20] WARNING [django.server:213] "GET /static/images/melioraa.png HTTP/1.1" 404 1871
[2025-07-27 22:25:20] WARNING [django.server:213] "GET /static/images/dialog-power-app.png HTTP/1.1" 404 1895
[2025-07-27 22:25:20] WARNING [django.server:213] "GET /static/images/morex.png HTTP/1.1" 404 1862
[2025-07-27 22:25:20] WARNING [django.server:213] "GET /static/images/pamunuwila-hardware.png HTTP/1.1" 404 1904
[2025-07-27 22:25:20] WARNING [django.server:213] "GET /static/images/opd-channeling.png HTTP/1.1" 404 1889
[2025-07-27 22:25:20] WARNING [django.server:213] "GET /static/images/ndcamera.png HTTP/1.1" 404 1871
[2025-07-27 22:25:20] WARNING [django.server:213] "GET /static/images/adyapana.png HTTP/1.1" 404 1871
[2025-07-27 22:25:20] WARNING [django.server:213] "GET /static/images/helth-first.png HTTP/1.1" 404 1880
[2025-07-27 22:25:20] WARNING [django.server:213] "GET /static/images/election-sri-lanka.png HTTP/1.1" 404 1901
[2025-07-27 22:25:20] WARNING [django.server:213] "GET /static/images/imagescave.png HTTP/1.1" 404 1877
[2025-07-27 22:34:52] WARNING [django.server:213] "GET /static/images/pprotfolio.png HTTP/1.1" 404 1877
[2025-07-27 22:34:52] WARNING [django.server:213] "GET /static/images/portfolio/nalanda.png HTTP/1.1" 404 1898
[2025-07-27 22:34:52] WARNING [django.server:213] "GET /static/images/portfolio/sqa-college.png HTTP/1.1" 404 1910
[2025-07-27 22:34:52] WARNING [django.server:213] "GET /static/images/portfolio/bcu-college.png HTTP/1.1" 404 1910
[2025-07-27 22:34:52] WARNING [django.server:213] "GET /static/images/portfolio/xdoto-logo.png HTTP/1.1" 404 1907
[2025-07-27 22:34:52] WARNING [django.server:213] "GET /static/images/portfolio/hiking.png HTTP/1.1" 404 1895
[2025-07-27 22:34:52] WARNING [django.server:213] "GET /static/images/portfolio/weightlifting.png HTTP/1.1" 404 1916
[2025-07-27 22:34:52] WARNING [django.server:213] "GET /static/assets/css/portfolio/bg.jpg HTTP/1.1" 404 1895
[2025-07-27 22:35:31] WARNING [django.server:213] "GET /static/assets/css/portfolio/bg.jpg HTTP/1.1" 404 1895
[2025-07-27 22:35:42] WARNING [django.server:213] "GET /static/images/nalanda.png HTTP/1.1" 404 1868
[2025-07-27 22:35:42] WARNING [django.server:213] "GET /static/images/nalanda-cs.png HTTP/1.1" 404 1877
[2025-07-27 22:35:42] WARNING [django.server:213] "GET /static/images/sqa-logo.png HTTP/1.1" 404 1871
[2025-07-27 22:35:42] WARNING [django.server:213] "GET /static/images/bcu-logo.png HTTP/1.1" 404 1871
[2025-07-27 22:35:42] WARNING [django.server:213] "GET /static/images/xdoto-logo.png HTTP/1.1" 404 1877
[2025-07-27 22:35:42] WARNING [django.server:213] "GET /static/images/freelance.jpg HTTP/1.1" 404 1874
[2025-07-27 22:35:42] WARNING [django.server:213] "GET /static/images/melioraa.png HTTP/1.1" 404 1871
[2025-07-27 22:35:42] WARNING [django.server:213] "GET /static/images/dialog-power-app.png HTTP/1.1" 404 1895
[2025-07-27 22:35:42] WARNING [django.server:213] "GET /static/images/morex.png HTTP/1.1" 404 1862
[2025-07-27 22:35:42] WARNING [django.server:213] "GET /static/images/ndcamera.png HTTP/1.1" 404 1871
[2025-07-27 22:35:42] WARNING [django.server:213] "GET /static/images/pamunuwila-hardware.png HTTP/1.1" 404 1904
[2025-07-27 22:35:42] WARNING [django.server:213] "GET /static/images/adyapana.png HTTP/1.1" 404 1871
[2025-07-27 22:35:42] WARNING [django.server:213] "GET /static/images/opd-channeling.png HTTP/1.1" 404 1889
[2025-07-27 22:35:42] WARNING [django.server:213] "GET /static/images/imagescave.png HTTP/1.1" 404 1877
[2025-07-27 22:35:42] WARNING [django.server:213] "GET /static/images/election-sri-lanka.png HTTP/1.1" 404 1901
[2025-07-27 22:35:42] WARNING [django.server:213] "GET /static/images/helth-first.png HTTP/1.1" 404 1880
[2025-07-27 22:35:42] WARNING [django.server:213] "GET /static/assets/css/portfolio/bg.jpg HTTP/1.1" 404 1895
[2025-07-27 22:37:28] WARNING [django.server:213] "GET /static/images/nalanda.png HTTP/1.1" 404 1868
[2025-07-27 22:37:28] WARNING [django.server:213] "GET /static/images/nalanda-cs.png HTTP/1.1" 404 1877
[2025-07-27 22:37:28] WARNING [django.server:213] "GET /static/images/bcu-logo.png HTTP/1.1" 404 1871
[2025-07-27 22:37:28] WARNING [django.server:213] "GET /static/images/melioraa.png HTTP/1.1" 404 1871
[2025-07-27 22:37:28] WARNING [django.server:213] "GET /static/images/sqa-logo.png HTTP/1.1" 404 1871
[2025-07-27 22:37:28] WARNING [django.server:213] "GET /static/images/xdoto-logo.png HTTP/1.1" 404 1877
[2025-07-27 22:37:28] WARNING [django.server:213] "GET /static/images/freelance.jpg HTTP/1.1" 404 1874
[2025-07-27 22:37:28] WARNING [django.server:213] "GET /static/images/dialog-power-app.png HTTP/1.1" 404 1895
[2025-07-27 22:37:28] WARNING [django.server:213] "GET /static/images/morex.png HTTP/1.1" 404 1862
[2025-07-27 22:37:28] WARNING [django.server:213] "GET /static/images/ndcamera.png HTTP/1.1" 404 1871
[2025-07-27 22:37:28] WARNING [django.server:213] "GET /static/images/pamunuwila-hardware.png HTTP/1.1" 404 1904
[2025-07-27 22:37:29] WARNING [django.server:213] "GET /static/assets/css/portfolio/bg.jpg HTTP/1.1" 404 1895
[2025-07-27 22:37:29] WARNING [django.server:213] "GET /static/images/adyapana.png HTTP/1.1" 404 1871
[2025-07-27 22:37:29] WARNING [django.server:213] "GET /static/images/opd-channeling.png HTTP/1.1" 404 1889
[2025-07-27 22:37:29] WARNING [django.server:213] "GET /static/images/imagescave.png HTTP/1.1" 404 1877
[2025-07-27 22:37:29] WARNING [django.server:213] "GET /static/images/election-sri-lanka.png HTTP/1.1" 404 1901
[2025-07-27 22:37:29] WARNING [django.server:213] "GET /static/images/helth-first.png HTTP/1.1" 404 1880
[2025-07-27 22:37:35] WARNING [django.server:213] "GET /static/images/photographynikon-d7200.png HTTP/1.1" 404 1913
[2025-07-27 22:37:35] WARNING [django.server:213] "GET /static/images/photographynikon-70-300.png HTTP/1.1" 404 1916
[2025-07-27 22:37:35] WARNING [django.server:213] "GET /static/images/photographynikon-18-55.png HTTP/1.1" 404 1913
[2025-07-27 22:37:35] WARNING [django.server:213] "GET /static/assets/css/portfolio/bg.jpg HTTP/1.1" 404 1895
[2025-07-27 22:37:59] WARNING [django.server:213] "GET /static/images/photographynikon-18-55.png HTTP/1.1" 404 1913
[2025-07-27 22:37:59] WARNING [django.server:213] "GET /static/images/photographynikon-d7200.png HTTP/1.1" 404 1913
[2025-07-27 22:37:59] WARNING [django.server:213] "GET /static/images/photographynikon-70-300.png HTTP/1.1" 404 1916
[2025-07-27 22:37:59] WARNING [django.server:213] "GET /static/assets/css/portfolio/bg.jpg HTTP/1.1" 404 1895
[2025-07-27 22:39:06] WARNING [django.server:213] "GET /static/assets/css/portfolio/bg.jpg HTTP/1.1" 404 1895
[2025-07-27 22:41:21] WARNING [django.server:213] "GET /static/images/sports/pic01.jpg HTTP/1.1" 404 1883
[2025-07-27 22:41:21] WARNING [django.server:213] "GET /static/assets/css/portfolio/bg.jpg HTTP/1.1" 404 1895
[2025-07-27 22:44:04] WARNING [django.server:213] "GET /static/assets/css/portfolio/bg.jpg HTTP/1.1" 404 1895
[2025-07-27 22:44:05] WARNING [django.server:213] "GET /static/assets/css/portfolio/bg.jpg HTTP/1.1" 404 1895
[2025-07-27 22:44:16] WARNING [django.server:213] "GET /static/images/nalanda.png HTTP/1.1" 404 1868
[2025-07-27 22:44:16] WARNING [django.server:213] "GET /static/images/nalanda-cs.png HTTP/1.1" 404 1877
[2025-07-27 22:44:16] WARNING [django.server:213] "GET /static/images/bcu-logo.png HTTP/1.1" 404 1871
[2025-07-27 22:44:16] WARNING [django.server:213] "GET /static/images/sqa-logo.png HTTP/1.1" 404 1871
[2025-07-27 22:44:16] WARNING [django.server:213] "GET /static/images/xdoto-logo.png HTTP/1.1" 404 1877
[2025-07-27 22:44:16] WARNING [django.server:213] "GET /static/images/freelance.jpg HTTP/1.1" 404 1874
[2025-07-27 22:44:16] WARNING [django.server:213] "GET /static/assets/css/portfolio/bg.jpg HTTP/1.1" 404 1895
[2025-07-27 22:44:16] WARNING [django.server:213] "GET /static/images/melioraa.png HTTP/1.1" 404 1871
[2025-07-27 22:44:16] WARNING [django.server:213] "GET /static/images/dialog-power-app.png HTTP/1.1" 404 1895
[2025-07-27 22:44:16] WARNING [django.server:213] "GET /static/images/morex.png HTTP/1.1" 404 1862
[2025-07-27 22:44:16] WARNING [django.server:213] "GET /static/images/ndcamera.png HTTP/1.1" 404 1871
[2025-07-27 22:44:16] WARNING [django.server:213] "GET /static/images/adyapana.png HTTP/1.1" 404 1871
[2025-07-27 22:44:16] WARNING [django.server:213] "GET /static/images/pamunuwila-hardware.png HTTP/1.1" 404 1904
[2025-07-27 22:44:16] WARNING [django.server:213] "GET /static/images/imagescave.png HTTP/1.1" 404 1877
[2025-07-27 22:44:16] WARNING [django.server:213] "GET /static/images/election-sri-lanka.png HTTP/1.1" 404 1901
[2025-07-27 22:44:16] WARNING [django.server:213] "GET /static/images/opd-channeling.png HTTP/1.1" 404 1889
[2025-07-27 22:44:16] WARNING [django.server:213] "GET /static/images/helth-first.png HTTP/1.1" 404 1880
[2025-07-27 22:46:17] WARNING [django.server:213] "GET /static/assets/css/portfolio/bg.jpg HTTP/1.1" 404 1895
[2025-07-27 22:47:16] WARNING [django.server:213] "GET /static/assets/css/portfolio/bg.jpg HTTP/1.1" 404 1895
[2025-07-27 22:47:17] WARNING [django.server:213] "GET /static/assets/css/portfolio/bg.jpg HTTP/1.1" 404 1895
[2025-07-27 22:49:33] WARNING [django.server:213] "GET /static/assets/css/portfolio/bg.jpg HTTP/1.1" 404 1895
[2025-07-27 22:49:41] WARNING [django.server:213] "GET /static/assets/css/portfolio/bg.jpg HTTP/1.1" 404 1895
[2025-07-27 22:50:04] WARNING [django.server:213] "GET /static/images/sports/pic01.jpg HTTP/1.1" 404 1883
[2025-07-27 22:50:04] WARNING [django.server:213] "GET /static/assets/css/portfolio/bg.jpg HTTP/1.1" 404 1895
[2025-07-27 22:50:09] WARNING [django.server:213] "GET /static/assets/css/portfolio/bg.jpg HTTP/1.1" 404 1895
[2025-07-27 22:50:18] WARNING [django.server:213] "GET /static/assets/css/portfolio/bg.jpg HTTP/1.1" 404 1895
